[debug] [2018-03-04T10:52:30.741Z] ----------------------------------------------------------------------
[debug] [2018-03-04T10:52:30.744Z] Command:       C:\Program Files\nodejs\node.exe C:\Users\Colinear\AppData\Roaming\npm\node_modules\firebase-tools\bin\firebase serve --only functions
[debug] [2018-03-04T10:52:30.744Z] CLI Version:   3.17.4
[debug] [2018-03-04T10:52:30.744Z] Platform:      win32
[debug] [2018-03-04T10:52:30.744Z] Node Version:  v6.11.2
[debug] [2018-03-04T10:52:30.745Z] Time:          Sun Mar 04 2018 12:52:30 GMT+0200 (FLE Standard Time)
[debug] [2018-03-04T10:52:30.745Z] ----------------------------------------------------------------------
[debug] 
[debug] [2018-03-04T10:52:30.763Z] > command requires scopes: ["email","openid","https://www.googleapis.com/auth/cloudplatformprojects.readonly","https://www.googleapis.com/auth/firebase","https://www.googleapis.com/auth/cloud-platform"]
[debug] [2018-03-04T10:52:30.763Z] > authorizing via signed-in user
[debug] [2018-03-04T10:52:30.766Z] > refreshing access token with scopes: ["email","https://www.googleapis.com/auth/cloud-platform","https://www.googleapis.com/auth/cloudplatformprojects.readonly","https://www.googleapis.com/auth/firebase","openid"]
[debug] [2018-03-04T10:52:30.766Z] >>> HTTP REQUEST POST https://www.googleapis.com/oauth2/v3/token  
 { refresh_token: '1/TLy1BYMf6cQpGHt3cwuPLDassWgaepeDbl1D9O5nEag',
  client_id: '563584335869-fgrhgmd47bqnekij5i8b5pr03ho849e6.apps.googleusercontent.com',
  client_secret: 'j9iVZfS8kkCEFUPaAeJV0sAi',
  grant_type: 'refresh_token',
  scope: 'email https://www.googleapis.com/auth/cloud-platform https://www.googleapis.com/auth/cloudplatformprojects.readonly https://www.googleapis.com/auth/firebase openid' } 
 Sun Mar 04 2018 12:52:30 GMT+0200 (FLE Standard Time)
[debug] [2018-03-04T10:52:30.998Z] <<< HTTP RESPONSE 200
[debug] [2018-03-04T10:52:31.005Z] >>> HTTP REQUEST GET https://admin.firebase.com/v1/projects/sostatic-1d381  
  
 Sun Mar 04 2018 12:52:31 GMT+0200 (FLE Standard Time)
[debug] [2018-03-04T10:52:31.819Z] <<< HTTP RESPONSE 200
[debug] [2018-03-04T10:52:31.819Z] >>> HTTP REQUEST GET https://admin.firebase.com/v1/database/sostatic-1d381/tokens  
  
 Sun Mar 04 2018 12:52:31 GMT+0200 (FLE Standard Time)
[debug] [2018-03-04T10:52:32.502Z] <<< HTTP RESPONSE 200
[info] 
[info] === Serving from 'C:\Users\Colinear\Dropbox\Workspace\Web\SoStatic'...
[info] 
[info] i  functions: Preparing to emulate functions.
[debug] [2018-03-04T10:52:33.125Z] Fetching environment
[debug] [2018-03-04T10:52:33.126Z] >>> HTTP REQUEST GET https://appengine.googleapis.com/v1/apps/sostatic-1d381  
  
 Sun Mar 04 2018 12:52:33 GMT+0200 (FLE Standard Time)
[debug] [2018-03-04T10:52:33.126Z] >>> HTTP REQUEST GET https://apikeys.googleapis.com/v1/projects/sostatic-1d381/apiKeys  
  
 Sun Mar 04 2018 12:52:33 GMT+0200 (FLE Standard Time)
[debug] [2018-03-04T10:52:34.015Z] <<< HTTP RESPONSE 200
[debug] [2018-03-04T10:52:34.146Z] <<< HTTP RESPONSE 200
[debug] [2018-03-04T10:52:34.147Z] Starting @google-cloud/functions-emulator
[debug] [2018-03-11T11:34:46.248Z] ----------------------------------------------------------------------
[debug] [2018-03-11T11:34:46.254Z] Command:       C:\Program Files\nodejs\node.exe C:\Users\Colinear\AppData\Roaming\npm\node_modules\firebase-tools\bin\firebase serve --only functions
[debug] [2018-03-11T11:34:46.254Z] CLI Version:   3.17.4
[debug] [2018-03-11T11:34:46.254Z] Platform:      win32
[debug] [2018-03-11T11:34:46.254Z] Node Version:  v6.11.2
[debug] [2018-03-11T11:34:46.255Z] Time:          Sun Mar 11 2018 13:34:46 GMT+0200 (FLE Standard Time)
[debug] [2018-03-11T11:34:46.256Z] ----------------------------------------------------------------------
[debug] 
[debug] [2018-03-11T11:34:46.291Z] > command requires scopes: ["email","openid","https://www.googleapis.com/auth/cloudplatformprojects.readonly","https://www.googleapis.com/auth/firebase","https://www.googleapis.com/auth/cloud-platform"]
[debug] [2018-03-11T11:34:46.291Z] > authorizing via signed-in user
[debug] [2018-03-11T11:34:46.293Z] > refreshing access token with scopes: ["email","https://www.googleapis.com/auth/cloud-platform","https://www.googleapis.com/auth/cloudplatformprojects.readonly","https://www.googleapis.com/auth/firebase","openid"]
[debug] [2018-03-11T11:34:46.294Z] >>> HTTP REQUEST POST https://www.googleapis.com/oauth2/v3/token  
 { refresh_token: '1/TLy1BYMf6cQpGHt3cwuPLDassWgaepeDbl1D9O5nEag',
  client_id: '563584335869-fgrhgmd47bqnekij5i8b5pr03ho849e6.apps.googleusercontent.com',
  client_secret: 'j9iVZfS8kkCEFUPaAeJV0sAi',
  grant_type: 'refresh_token',
  scope: 'email https://www.googleapis.com/auth/cloud-platform https://www.googleapis.com/auth/cloudplatformprojects.readonly https://www.googleapis.com/auth/firebase openid' } 
 Sun Mar 11 2018 13:34:46 GMT+0200 (FLE Standard Time)
[debug] [2018-03-11T11:34:46.532Z] <<< HTTP RESPONSE 200
[debug] [2018-03-11T11:34:46.555Z] >>> HTTP REQUEST GET https://admin.firebase.com/v1/projects/sostatic-1d381  
  
 Sun Mar 11 2018 13:34:46 GMT+0200 (FLE Standard Time)
